TN:
SF:src\App.js
FN:14,App
FNF:1
FNH:1
FNDA:1,App
DA:15,1
LF:1
LH:1
BRF:0
BRH:0
end_of_record
TN:
SF:src\api.js
FN:6,(anonymous_0)
FN:17,(anonymous_1)
FN:27,(anonymous_2)
FNF:3
FNH:1
FNDA:1,(anonymous_0)
FNDA:0,(anonymous_1)
FNDA:0,(anonymous_2)
DA:3,5
DA:6,5
DA:7,1
DA:8,1
DA:10,0
DA:12,0
DA:17,5
DA:18,0
DA:19,0
DA:20,0
DA:22,0
DA:27,5
DA:28,0
DA:29,0
DA:31,0
DA:33,0
LF:16
LH:6
BRDA:12,0,0,0
BRDA:12,0,1,0
BRDA:22,1,0,0
BRDA:22,1,1,0
BRDA:33,2,0,0
BRDA:33,2,1,0
BRF:6
BRH:0
end_of_record
TN:
SF:src\pages\CreateEvent.js
FN:9,CreateEvent
FN:29,(anonymous_1)
FN:36,(anonymous_2)
FN:48,(anonymous_3)
FN:51,(anonymous_4)
FN:65,(anonymous_5)
FN:79,(anonymous_6)
FN:81,(anonymous_7)
FN:93,(anonymous_8)
FNF:9
FNH:0
FNDA:0,CreateEvent
FNDA:0,(anonymous_1)
FNDA:0,(anonymous_2)
FNDA:0,(anonymous_3)
FNDA:0,(anonymous_4)
FNDA:0,(anonymous_5)
FNDA:0,(anonymous_6)
FNDA:0,(anonymous_7)
FNDA:0,(anonymous_8)
DA:10,0
DA:11,0
DA:14,0
DA:26,0
DA:27,0
DA:29,0
DA:31,0
DA:32,0
DA:33,0
DA:36,0
DA:38,0
DA:39,0
DA:42,0
DA:48,0
DA:49,0
DA:50,0
DA:51,0
DA:62,0
DA:65,0
DA:66,0
DA:67,0
DA:68,0
DA:69,0
DA:79,0
DA:80,0
DA:81,0
DA:93,0
DA:94,0
DA:95,0
DA:98,0
DA:99,0
DA:100,0
DA:103,0
DA:105,0
DA:106,0
DA:107,0
DA:115,0
DA:124,0
DA:125,0
DA:126,0
DA:128,0
DA:129,0
DA:131,0
DA:136,0
LF:44
LH:0
BRDA:39,0,0,0
BRDA:39,0,1,0
BRDA:50,1,0,0
BRDA:50,1,1,0
BRDA:68,2,0,0
BRDA:68,2,1,0
BRDA:83,3,0,0
BRDA:83,3,1,0
BRDA:98,4,0,0
BRDA:98,4,1,0
BRDA:98,5,0,0
BRDA:98,5,1,0
BRDA:106,6,0,0
BRDA:106,6,1,0
BRDA:164,7,0,0
BRDA:164,7,1,0
BRDA:294,8,0,0
BRDA:294,8,1,0
BRDA:299,9,0,0
BRDA:299,9,1,0
BRDA:306,10,0,0
BRDA:306,10,1,0
BRF:22
BRH:0
end_of_record
TN:
SF:src\pages\FindTeams.js
FN:5,FindTeams
FN:17,(anonymous_1)
FN:25,(anonymous_2)
FN:26,(anonymous_3)
FN:27,(anonymous_4)
FN:29,(anonymous_5)
FN:30,(anonymous_6)
FN:38,(anonymous_7)
FN:45,(anonymous_8)
FNF:9
FNH:0
FNDA:0,FindTeams
FNDA:0,(anonymous_1)
FNDA:0,(anonymous_2)
FNDA:0,(anonymous_3)
FNDA:0,(anonymous_4)
FNDA:0,(anonymous_5)
FNDA:0,(anonymous_6)
FNDA:0,(anonymous_7)
FNDA:0,(anonymous_8)
DA:6,0
DA:7,0
DA:9,0
DA:17,0
DA:18,0
DA:22,0
DA:25,0
DA:26,0
DA:27,0
DA:29,0
DA:30,0
DA:38,0
DA:46,0
LF:13
LH:0
BRDA:18,0,0,0
BRDA:18,0,1,0
BRDA:44,1,0,0
BRDA:44,1,1,0
BRF:4
BRH:0
end_of_record
TN:
SF:src\pages\Forgotpass.js
FN:5,Forgotpass
FN:9,(anonymous_1)
FN:38,(anonymous_2)
FN:43,(anonymous_3)
FNF:4
FNH:4
FNDA:6,Forgotpass
FNDA:1,(anonymous_1)
FNDA:2,(anonymous_2)
FNDA:1,(anonymous_3)
DA:6,6
DA:7,6
DA:9,6
DA:10,1
DA:11,1
DA:12,1
DA:15,6
DA:38,2
DA:43,1
LF:9
LH:9
BRF:0
BRH:0
end_of_record
TN:
SF:src\pages\Home.js
FN:5,Home
FN:9,(anonymous_1)
FN:15,(anonymous_2)
FN:20,(anonymous_3)
FN:62,(anonymous_4)
FN:63,(anonymous_5)
FN:65,(anonymous_6)
FN:69,(anonymous_7)
FN:79,(anonymous_8)
FN:91,(anonymous_9)
FN:122,(anonymous_10)
FN:137,(anonymous_11)
FNF:12
FNH:0
FNDA:0,Home
FNDA:0,(anonymous_1)
FNDA:0,(anonymous_2)
FNDA:0,(anonymous_3)
FNDA:0,(anonymous_4)
FNDA:0,(anonymous_5)
FNDA:0,(anonymous_6)
FNDA:0,(anonymous_7)
FNDA:0,(anonymous_8)
FNDA:0,(anonymous_9)
FNDA:0,(anonymous_10)
FNDA:0,(anonymous_11)
DA:6,0
DA:7,0
DA:9,0
DA:11,0
DA:12,0
DA:15,0
DA:17,0
DA:20,0
DA:22,0
DA:26,0
DA:62,0
DA:63,0
DA:65,0
DA:69,0
DA:79,0
DA:92,0
DA:122,0
DA:137,0
LF:18
LH:0
BRDA:11,0,0,0
BRDA:11,0,1,0
BRF:2
BRH:0
end_of_record
TN:
SF:src\pages\Login.js
FN:7,Login
FN:12,(anonymous_1)
FN:16,(anonymous_2)
FN:54,(anonymous_3)
FN:59,(anonymous_4)
FN:62,(anonymous_5)
FNF:6
FNH:5
FNDA:7,Login
FNDA:2,(anonymous_1)
FNDA:0,(anonymous_2)
FNDA:1,(anonymous_3)
FNDA:1,(anonymous_4)
FNDA:1,(anonymous_5)
DA:8,7
DA:9,7
DA:10,7
DA:12,7
DA:13,2
DA:16,7
DA:17,0
DA:18,0
DA:20,0
DA:21,0
DA:23,0
DA:24,0
DA:25,0
DA:30,7
DA:54,1
DA:59,1
DA:62,1
LF:17
LH:10
BRDA:20,0,0,0
BRDA:20,0,1,0
BRDA:46,1,0,7
BRDA:46,1,1,0
BRF:4
BRH:1
end_of_record
TN:
SF:src\pages\Main.js
FN:5,Main
FN:31,(anonymous_1)
FN:33,(anonymous_2)
FN:34,(anonymous_3)
FN:50,(anonymous_4)
FNF:5
FNH:4
FNDA:6,Main
FNDA:1,(anonymous_1)
FNDA:1,(anonymous_2)
FNDA:2,(anonymous_3)
FNDA:0,(anonymous_4)
DA:6,6
DA:8,6
DA:31,1
DA:33,1
DA:34,2
DA:50,0
LF:6
LH:5
BRF:0
BRH:0
end_of_record
TN:
SF:src\pages\MyProfile.js
FN:7,MyProfile
FN:25,(anonymous_1)
FN:31,(anonymous_2)
FN:33,(anonymous_3)
FN:40,(anonymous_4)
FN:78,(anonymous_5)
FN:79,(anonymous_6)
FN:81,(anonymous_7)
FN:85,(anonymous_8)
FN:95,(anonymous_9)
FN:182,(anonymous_10)
FN:188,(anonymous_11)
FN:193,(anonymous_12)
FNF:13
FNH:7
FNDA:15,MyProfile
FNDA:4,(anonymous_1)
FNDA:2,(anonymous_2)
FNDA:1,(anonymous_3)
FNDA:0,(anonymous_4)
FNDA:0,(anonymous_5)
FNDA:0,(anonymous_6)
FNDA:0,(anonymous_7)
FNDA:0,(anonymous_8)
FNDA:0,(anonymous_9)
FNDA:3,(anonymous_10)
FNDA:24,(anonymous_11)
FNDA:2,(anonymous_12)
DA:8,15
DA:9,15
DA:18,15
DA:19,15
DA:20,15
DA:22,15
DA:25,15
DA:26,4
DA:27,4
DA:31,15
DA:32,2
DA:33,1
DA:36,2
DA:40,15
DA:41,0
DA:42,0
DA:43,0
DA:45,0
DA:47,0
DA:49,0
DA:50,0
DA:52,0
DA:53,0
DA:56,15
DA:78,0
DA:79,0
DA:81,0
DA:85,0
DA:95,0
DA:182,3
DA:189,24
DA:193,2
LF:32
LH:18
BRDA:27,0,0,1
BRDA:27,0,1,3
BRDA:32,1,0,1
BRDA:32,1,1,1
BRDA:49,2,0,0
BRDA:49,2,1,0
BRDA:121,3,0,15
BRDA:121,3,1,0
BRDA:186,4,0,15
BRDA:186,4,1,4
BRDA:203,5,0,0
BRDA:203,5,1,15
BRF:12
BRH:8
end_of_record
TN:
SF:src\pages\Profile.js
FN:6,Profile
FN:24,(anonymous_1)
FN:30,(anonymous_2)
FN:32,(anonymous_3)
FN:39,(anonymous_4)
FN:129,(anonymous_5)
FN:135,(anonymous_6)
FN:140,(anonymous_7)
FNF:8
FNH:7
FNDA:15,Profile
FNDA:4,(anonymous_1)
FNDA:2,(anonymous_2)
FNDA:1,(anonymous_3)
FNDA:0,(anonymous_4)
FNDA:3,(anonymous_5)
FNDA:24,(anonymous_6)
FNDA:2,(anonymous_7)
DA:7,15
DA:8,15
DA:17,15
DA:18,15
DA:19,15
DA:21,15
DA:24,15
DA:25,4
DA:26,4
DA:30,15
DA:31,2
DA:32,1
DA:35,2
DA:39,15
DA:40,0
DA:41,0
DA:42,0
DA:44,0
DA:46,0
DA:48,0
DA:49,0
DA:51,0
DA:52,0
DA:56,15
DA:129,3
DA:136,24
DA:140,2
LF:27
LH:18
BRDA:26,0,0,1
BRDA:26,0,1,3
BRDA:31,1,0,1
BRDA:31,1,1,1
BRDA:48,2,0,0
BRDA:48,2,1,0
BRDA:74,3,0,15
BRDA:74,3,1,0
BRDA:133,4,0,15
BRDA:133,4,1,4
BRDA:150,5,0,0
BRDA:150,5,1,15
BRF:12
BRH:8
end_of_record
TN:
SF:src\pages\Register.js
FN:5,Register
FN:15,(anonymous_1)
FN:16,(anonymous_2)
FN:19,(anonymous_3)
FN:25,(anonymous_4)
FN:35,(anonymous_5)
FN:41,(anonymous_6)
FNF:7
FNH:7
FNDA:15,Register
FNDA:3,(anonymous_1)
FNDA:4,(anonymous_2)
FNDA:3,(anonymous_3)
FNDA:4,(anonymous_4)
FNDA:3,(anonymous_5)
FNDA:1,(anonymous_6)
DA:6,15
DA:7,15
DA:8,15
DA:9,15
DA:10,15
DA:11,15
DA:12,15
DA:13,15
DA:15,15
DA:16,15
DA:17,4
DA:19,15
DA:20,3
DA:21,3
DA:22,3
DA:25,15
DA:26,4
DA:27,4
DA:28,4
DA:35,15
DA:36,3
DA:37,3
DA:38,3
DA:41,15
DA:42,1
DA:44,1
DA:45,0
DA:48,1
DA:49,0
DA:50,0
DA:52,0
DA:53,0
DA:57,15
LF:33
LH:28
BRDA:22,0,0,2
BRDA:22,0,1,1
BRDA:29,1,0,3
BRDA:29,1,1,1
BRDA:38,2,0,1
BRDA:38,2,1,2
BRDA:44,3,0,0
BRDA:44,3,1,1
BRDA:44,4,0,1
BRDA:44,4,1,1
BRDA:44,4,2,1
BRDA:44,4,3,1
BRDA:44,4,4,1
BRDA:44,4,5,1
BRDA:49,5,0,0
BRDA:49,5,1,0
BRDA:99,6,0,15
BRDA:99,6,1,0
BRDA:111,7,0,15
BRDA:111,7,1,1
BRDA:122,8,0,15
BRDA:122,8,1,1
BRDA:133,9,0,15
BRDA:133,9,1,1
BRDA:138,10,0,15
BRDA:138,10,1,14
BRDA:138,10,2,13
BRDA:144,11,0,3
BRDA:144,11,1,12
BRDA:144,12,0,15
BRDA:144,12,1,14
BRDA:144,12,2,13
BRDA:146,13,0,3
BRDA:146,13,1,12
BRDA:146,14,0,15
BRDA:146,14,1,14
BRDA:146,14,2,13
BRF:37
BRH:33
end_of_record
